# JRE version: OpenJDK Runtime Environment (11.0.8+10) (build 11.0.8+10-b944.6842174)
# Java VM: OpenJDK 64-Bit Server VM (11.0.8+10-b944.6842174, mixed mode, tiered, compressed oops, g1 gc, windows-amd64)
Heap:
 garbage-first heap   total 315392K, used 141951K [0x0000000080000000, 0x0000000100000000)
  region size 1024K, 99 young (101376K), 19 survivors (19456K)
 Metaspace       used 83154K, capacity 85219K, committed 85452K, reserved 1124352K
  class space    used 10608K, capacity 11348K, committed 11468K, reserved 1048576K
GC Heap History (20 events):
Event: 0.851 GC heap before
{Heap before GC invocations=0 (full 0):
 garbage-first heap   total 262144K, used 19456K [0x0000000080000000, 0x0000000100000000)
  region size 1024K, 14 young (14336K), 0 survivors (0K)
 Metaspace       used 6730K, capacity 6921K, committed 7168K, reserved 1056768K
  class space    used 581K, capacity 650K, committed 768K, reserved 1048576K
}
Event: 0.856 GC heap after
{Heap after GC invocations=1 (full 0):
 garbage-first heap   total 262144K, used 8155K [0x0000000080000000, 0x0000000100000000)
  region size 1024K, 2 young (2048K), 2 survivors (2048K)
 Metaspace       used 6730K, capacity 6921K, committed 7168K, reserved 1056768K
  class space    used 581K, capacity 650K, committed 768K, reserved 1048576K
}
Event: 1.150 GC heap before
{Heap before GC invocations=1 (full 0):
 garbage-first heap   total 262144K, used 19419K [0x0000000080000000, 0x0000000100000000)
  region size 1024K, 13 young (13312K), 2 survivors (2048K)
 Metaspace       used 9798K, capacity 9986K, committed 10112K, reserved 1058816K
  class space    used 1022K, capacity 1102K, committed 1152K, reserved 1048576K
}
Event: 1.154 GC heap after
{Heap after GC invocations=2 (full 0):
 garbage-first heap   total 262144K, used 9398K [0x0000000080000000, 0x0000000100000000)
  region size 1024K, 2 young (2048K), 2 survivors (2048K)
 Metaspace       used 9798K, capacity 9986K, committed 10112K, reserved 1058816K
  class space    used 1022K, capacity 1102K, committed 1152K, reserved 1048576K
}
Event: 1.765 GC heap before
{Heap before GC invocations=2 (full 0):
 garbage-first heap   total 262144K, used 39094K [0x0000000080000000, 0x0000000100000000)
  region size 1024K, 30 young (30720K), 2 survivors (2048K)
 Metaspace       used 10755K, capacity 11003K, committed 11264K, reserved 1058816K
  class space    used 1125K, capacity 1206K, committed 1280K, reserved 1048576K
}
Event: 1.769 GC heap after
{Heap after GC invocations=3 (full 0):
 garbage-first heap   total 262144K, used 12119K [0x0000000080000000, 0x0000000100000000)
  region size 1024K, 3 young (3072K), 3 survivors (3072K)
 Metaspace       used 10755K, capacity 11003K, committed 11264K, reserved 1058816K
  class space    used 1125K, capacity 1206K, committed 1280K, reserved 1048576K
}
Event: 3.103 GC heap before
{Heap before GC invocations=3 (full 0):
 garbage-first heap   total 262144K, used 78679K [0x0000000080000000, 0x0000000100000000)
  region size 1024K, 69 young (70656K), 3 survivors (3072K)
 Metaspace       used 20620K, capacity 21118K, committed 21248K, reserved 1067008K
  class space    used 2516K, capacity 2720K, committed 2816K, reserved 1048576K
}
Event: 3.117 GC heap after
{Heap after GC invocations=4 (full 0):
 garbage-first heap   total 262144K, used 16623K [0x0000000080000000, 0x0000000100000000)
  region size 1024K, 9 young (9216K), 9 survivors (9216K)
 Metaspace       used 20620K, capacity 21118K, committed 21248K, reserved 1067008K
  class space    used 2516K, capacity 2720K, committed 2816K, reserved 1048576K
}
Event: 4.167 GC heap before
{Heap before GC invocations=5 (full 0):
 garbage-first heap   total 262144K, used 95471K [0x0000000080000000, 0x0000000100000000)
  region size 1024K, 86 young (88064K), 9 survivors (9216K)
 Metaspace       used 28137K, capacity 28760K, committed 28928K, reserved 1075200K
  class space    used 3743K, capacity 3996K, committed 4096K, reserved 1048576K
}
Event: 4.178 GC heap after
{Heap after GC invocations=6 (full 0):
 garbage-first heap   total 262144K, used 19591K [0x0000000080000000, 0x0000000100000000)
  region size 1024K, 9 young (9216K), 9 survivors (9216K)
 Metaspace       used 28137K, capacity 28760K, committed 28928K, reserved 1075200K
  class space    used 3743K, capacity 3996K, committed 4096K, reserved 1048576K
}
Event: 4.806 GC heap before
{Heap before GC invocations=6 (full 0):
 garbage-first heap   total 262144K, used 51335K [0x0000000080000000, 0x0000000100000000)
  region size 1024K, 41 young (41984K), 9 survivors (9216K)
 Metaspace       used 35060K, capacity 35830K, committed 35840K, reserved 1081344K
  class space    used 4541K, capacity 4864K, committed 4864K, reserved 1048576K
}
Event: 4.819 GC heap after
{Heap after GC invocations=7 (full 0):
 garbage-first heap   total 262144K, used 22538K [0x0000000080000000, 0x0000000100000000)
  region size 1024K, 12 young (12288K), 12 survivors (12288K)
 Metaspace       used 35060K, capacity 35830K, committed 35840K, reserved 1081344K
  class space    used 4541K, capacity 4864K, committed 4864K, reserved 1048576K
}
Event: 7.022 GC heap before
{Heap before GC invocations=8 (full 0):
 garbage-first heap   total 262144K, used 171018K [0x0000000080000000, 0x0000000100000000)
  region size 1024K, 153 young (156672K), 12 survivors (12288K)
 Metaspace       used 46435K, capacity 47656K, committed 47948K, reserved 1091584K
  class space    used 5959K, capacity 6407K, committed 6476K, reserved 1048576K
}
Event: 7.047 GC heap after
{Heap after GC invocations=9 (full 0):
 garbage-first heap   total 262144K, used 30133K [0x0000000080000000, 0x0000000100000000)
  region size 1024K, 14 young (14336K), 14 survivors (14336K)
 Metaspace       used 46435K, capacity 47656K, committed 47948K, reserved 1091584K
  class space    used 5959K, capacity 6407K, committed 6476K, reserved 1048576K
}
Event: 8.912 GC heap before
{Heap before GC invocations=9 (full 0):
 garbage-first heap   total 262144K, used 135605K [0x0000000080000000, 0x0000000100000000)
  region size 1024K, 115 young (117760K), 14 survivors (14336K)
 Metaspace       used 58788K, capacity 60174K, committed 60236K, reserved 1101824K
  class space    used 7438K, capacity 7958K, committed 8012K, reserved 1048576K
}
Event: 8.946 GC heap after
{Heap after GC invocations=10 (full 0):
 garbage-first heap   total 262144K, used 42637K [0x0000000080000000, 0x0000000100000000)
  region size 1024K, 18 young (18432K), 18 survivors (18432K)
 Metaspace       used 58788K, capacity 60174K, committed 60236K, reserved 1101824K
  class space    used 7438K, capacity 7958K, committed 8012K, reserved 1048576K
}
Event: 11.038 GC heap before
{Heap before GC invocations=11 (full 0):
 garbage-first heap   total 262144K, used 180877K [0x0000000080000000, 0x0000000100000000)
  region size 1024K, 153 young (156672K), 18 survivors (18432K)
 Metaspace       used 70618K, capacity 72302K, committed 72652K, reserved 1112064K
  class space    used 9186K, capacity 9798K, committed 9932K, reserved 1048576K
}
Event: 11.070 GC heap after
{Heap after GC invocations=12 (full 0):
 garbage-first heap   total 262144K, used 52663K [0x0000000080000000, 0x0000000100000000)
  region size 1024K, 20 young (20480K), 20 survivors (20480K)
 Metaspace       used 70618K, capacity 72302K, committed 72652K, reserved 1112064K
  class space    used 9186K, capacity 9798K, committed 9932K, reserved 1048576K
}
Event: 14.377 GC heap before
{Heap before GC invocations=12 (full 0):
 garbage-first heap   total 262144K, used 187831K [0x0000000080000000, 0x0000000100000000)
  region size 1024K, 153 young (156672K), 20 survivors (20480K)
 Metaspace       used 79117K, capacity 81178K, committed 81228K, reserved 1120256K
  class space    used 10273K, capacity 11034K, committed 11084K, reserved 1048576K
}
Event: 14.416 GC heap after
{Heap after GC invocations=13 (full 0):
 garbage-first heap   total 315392K, used 62079K [0x0000000080000000, 0x0000000100000000)
  region size 1024K, 19 young (19456K), 19 survivors (19456K)
 Metaspace       used 79117K, capacity 81178K, committed 81228K, reserved 1120256K
  class space    used 10273K, capacity 11034K, committed 11084K, reserved 1048576K
}

