# JRE version: OpenJDK Runtime Environment (11.0.8+10) (build 11.0.8+10-b944.6842174)
# Java VM: OpenJDK 64-Bit Server VM (11.0.8+10-b944.6842174, mixed mode, tiered, compressed oops, g1 gc, windows-amd64)
Heap:
 garbage-first heap   total 262144K, used 68574K [0x0000000080000000, 0x0000000100000000)
  region size 1024K, 16 young (16384K), 12 survivors (12288K)
 Metaspace       used 92005K, capacity 94378K, committed 94576K, reserved 1132544K
  class space    used 11653K, capacity 12515K, committed 12620K, reserved 1048576K
GC Heap History (20 events):
Event: 0.900 GC heap before
{Heap before GC invocations=0 (full 0):
 garbage-first heap   total 262144K, used 19456K [0x0000000080000000, 0x0000000100000000)
  region size 1024K, 14 young (14336K), 0 survivors (0K)
 Metaspace       used 6729K, capacity 6921K, committed 7168K, reserved 1056768K
  class space    used 581K, capacity 650K, committed 768K, reserved 1048576K
}
Event: 0.905 GC heap after
{Heap after GC invocations=1 (full 0):
 garbage-first heap   total 262144K, used 8010K [0x0000000080000000, 0x0000000100000000)
  region size 1024K, 2 young (2048K), 2 survivors (2048K)
 Metaspace       used 6729K, capacity 6921K, committed 7168K, reserved 1056768K
  class space    used 581K, capacity 650K, committed 768K, reserved 1048576K
}
Event: 1.247 GC heap before
{Heap before GC invocations=1 (full 0):
 garbage-first heap   total 262144K, used 20298K [0x0000000080000000, 0x0000000100000000)
  region size 1024K, 14 young (14336K), 2 survivors (2048K)
 Metaspace       used 9828K, capacity 10050K, committed 10112K, reserved 1058816K
  class space    used 1022K, capacity 1102K, committed 1152K, reserved 1048576K
}
Event: 1.250 GC heap after
{Heap after GC invocations=2 (full 0):
 garbage-first heap   total 262144K, used 9200K [0x0000000080000000, 0x0000000100000000)
  region size 1024K, 2 young (2048K), 2 survivors (2048K)
 Metaspace       used 9828K, capacity 10050K, committed 10112K, reserved 1058816K
  class space    used 1022K, capacity 1102K, committed 1152K, reserved 1048576K
}
Event: 2.002 GC heap before
{Heap before GC invocations=2 (full 0):
 garbage-first heap   total 262144K, used 42992K [0x0000000080000000, 0x0000000100000000)
  region size 1024K, 35 young (35840K), 2 survivors (2048K)
 Metaspace       used 10808K, capacity 11067K, committed 11264K, reserved 1058816K
  class space    used 1126K, capacity 1206K, committed 1280K, reserved 1048576K
}
Event: 2.007 GC heap after
{Heap after GC invocations=3 (full 0):
 garbage-first heap   total 262144K, used 13037K [0x0000000080000000, 0x0000000100000000)
  region size 1024K, 5 young (5120K), 5 survivors (5120K)
 Metaspace       used 10808K, capacity 11067K, committed 11264K, reserved 1058816K
  class space    used 1126K, capacity 1206K, committed 1280K, reserved 1048576K
}
Event: 3.546 GC heap before
{Heap before GC invocations=3 (full 0):
 garbage-first heap   total 262144K, used 72429K [0x0000000080000000, 0x0000000100000000)
  region size 1024K, 64 young (65536K), 5 survivors (5120K)
 Metaspace       used 20622K, capacity 21150K, committed 21296K, reserved 1069056K
  class space    used 2514K, capacity 2688K, committed 2688K, reserved 1048576K
}
Event: 3.558 GC heap after
{Heap after GC invocations=4 (full 0):
 garbage-first heap   total 262144K, used 16777K [0x0000000080000000, 0x0000000100000000)
  region size 1024K, 9 young (9216K), 9 survivors (9216K)
 Metaspace       used 20622K, capacity 21150K, committed 21296K, reserved 1069056K
  class space    used 2514K, capacity 2688K, committed 2688K, reserved 1048576K
}
Event: 4.637 GC heap before
{Heap before GC invocations=5 (full 0):
 garbage-first heap   total 262144K, used 89481K [0x0000000080000000, 0x0000000100000000)
  region size 1024K, 80 young (81920K), 9 survivors (9216K)
 Metaspace       used 27652K, capacity 28298K, committed 28464K, reserved 1073152K
  class space    used 3663K, capacity 3927K, committed 3968K, reserved 1048576K
}
Event: 4.649 GC heap after
{Heap after GC invocations=6 (full 0):
 garbage-first heap   total 262144K, used 19268K [0x0000000080000000, 0x0000000100000000)
  region size 1024K, 7 young (7168K), 7 survivors (7168K)
 Metaspace       used 27652K, capacity 28298K, committed 28464K, reserved 1073152K
  class space    used 3663K, capacity 3927K, committed 3968K, reserved 1048576K
}
Event: 5.357 GC heap before
{Heap before GC invocations=6 (full 0):
 garbage-first heap   total 262144K, used 56132K [0x0000000080000000, 0x0000000100000000)
  region size 1024K, 45 young (46080K), 7 survivors (7168K)
 Metaspace       used 34805K, capacity 35606K, committed 35708K, reserved 1081344K
  class space    used 4533K, capacity 4832K, committed 4864K, reserved 1048576K
}
Event: 5.370 GC heap after
{Heap after GC invocations=7 (full 0):
 garbage-first heap   total 262144K, used 22664K [0x0000000080000000, 0x0000000100000000)
  region size 1024K, 10 young (10240K), 10 survivors (10240K)
 Metaspace       used 34805K, capacity 35606K, committed 35708K, reserved 1081344K
  class space    used 4533K, capacity 4832K, committed 4864K, reserved 1048576K
}
Event: 7.411 GC heap before
{Heap before GC invocations=8 (full 0):
 garbage-first heap   total 262144K, used 155784K [0x0000000080000000, 0x0000000100000000)
  region size 1024K, 137 young (140288K), 10 survivors (10240K)
 Metaspace       used 45520K, capacity 46683K, committed 46844K, reserved 1089536K
  class space    used 5848K, capacity 6233K, committed 6272K, reserved 1048576K
}
Event: 7.435 GC heap after
{Heap after GC invocations=9 (full 0):
 garbage-first heap   total 262144K, used 28720K [0x0000000080000000, 0x0000000100000000)
  region size 1024K, 16 young (16384K), 16 survivors (16384K)
 Metaspace       used 45520K, capacity 46683K, committed 46844K, reserved 1089536K
  class space    used 5848K, capacity 6233K, committed 6272K, reserved 1048576K
}
Event: 9.733 GC heap before
{Heap before GC invocations=9 (full 0):
 garbage-first heap   total 262144K, used 147504K [0x0000000080000000, 0x0000000100000000)
  region size 1024K, 131 young (134144K), 16 survivors (16384K)
 Metaspace       used 58486K, capacity 59869K, committed 59940K, reserved 1101824K
  class space    used 7394K, capacity 7920K, committed 7936K, reserved 1048576K
}
Event: 9.763 GC heap after
{Heap after GC invocations=10 (full 0):
 garbage-first heap   total 262144K, used 42201K [0x0000000080000000, 0x0000000100000000)
  region size 1024K, 20 young (20480K), 20 survivors (20480K)
 Metaspace       used 58486K, capacity 59869K, committed 59940K, reserved 1101824K
  class space    used 7394K, capacity 7920K, committed 7936K, reserved 1048576K
}
Event: 12.060 GC heap before
{Heap before GC invocations=11 (full 0):
 garbage-first heap   total 262144K, used 178393K [0x0000000080000000, 0x0000000100000000)
  region size 1024K, 153 young (156672K), 20 survivors (20480K)
 Metaspace       used 69968K, capacity 71770K, committed 72048K, reserved 1112064K
  class space    used 9104K, capacity 9742K, committed 9804K, reserved 1048576K
}
Event: 12.122 GC heap after
{Heap after GC invocations=12 (full 0):
 garbage-first heap   total 262144K, used 51971K [0x0000000080000000, 0x0000000100000000)
  region size 1024K, 20 young (20480K), 20 survivors (20480K)
 Metaspace       used 69968K, capacity 71770K, committed 72048K, reserved 1112064K
  class space    used 9104K, capacity 9742K, committed 9804K, reserved 1048576K
}
Event: 15.977 GC heap before
{Heap before GC invocations=13 (full 0):
 garbage-first heap   total 262144K, used 187139K [0x0000000080000000, 0x0000000100000000)
  region size 1024K, 153 young (156672K), 20 survivors (20480K)
 Metaspace       used 79127K, capacity 81172K, committed 81264K, reserved 1120256K
  class space    used 10271K, capacity 11031K, committed 11084K, reserved 1048576K
}
Event: 16.007 GC heap after
{Heap after GC invocations=14 (full 0):
 garbage-first heap   total 262144K, used 60928K [0x0000000080000000, 0x0000000100000000)
  region size 1024K, 19 young (19456K), 19 survivors (19456K)
 Metaspace       used 79127K, capacity 81172K, committed 81264K, reserved 1120256K
  class space    used 10271K, capacity 11031K, committed 11084K, reserved 1048576K
}

